[0302/164736.489:ERROR:process_reader_win.cc(151)] SuspendThread: Access is denied. (0x5)
[0302/164736.492:ERROR:process_reader_win.cc(151)] SuspendThread: Access is denied. (0x5)
[0302/164736.492:ERROR:process_reader_win.cc(151)] SuspendThread: Access is denied. (0x5)
[0302/164736.492:ERROR:process_reader_win.cc(151)] SuspendThread: Access is denied. (0x5)
[0302/164736.492:ERROR:process_reader_win.cc(151)] SuspendThread: Access is denied. (0x5)
[0302/164736.492:ERROR:process_reader_win.cc(151)] SuspendThread: Access is denied. (0x5)
[0302/164736.493:ERROR:process_reader_win.cc(151)] SuspendThread: Access is denied. (0x5)
[0302/164736.493:ERROR:process_reader_win.cc(151)] SuspendThread: Access is denied. (0x5)
[0302/164736.493:ERROR:process_reader_win.cc(151)] SuspendThread: Access is denied. (0x5)
[0302/164736.493:ERROR:process_reader_win.cc(151)] SuspendThread: Access is denied. (0x5)
[0302/164736.493:ERROR:process_reader_win.cc(151)] SuspendThread: Access is denied. (0x5)
[0302/164736.493:ERROR:process_reader_win.cc(151)] SuspendThread: Access is denied. (0x5)
[0302/164736.493:ERROR:process_reader_win.cc(151)] SuspendThread: Access is denied. (0x5)
[0302/164736.493:ERROR:process_reader_win.cc(123)] NtOpenThread: {Access Denied} A process has requested access to an object, but has not been granted those access rights. (0xc0000022)
[0302/164736.494:ERROR:exception_snapshot_win.cc(98)] thread ID 9012 not found in process
[0302/164736.500:ERROR:process_reader_win.cc(151)] SuspendThread: Access is denied. (0x5)
[0302/164736.500:ERROR:process_reader_win.cc(151)] SuspendThread: Access is denied. (0x5)
[0302/164736.500:ERROR:process_reader_win.cc(151)] SuspendThread: Access is denied. (0x5)
[0302/164736.500:ERROR:process_reader_win.cc(151)] SuspendThread: Access is denied. (0x5)
[0302/164736.500:ERROR:process_reader_win.cc(151)] SuspendThread: Access is denied. (0x5)
[0302/164736.500:ERROR:process_reader_win.cc(151)] SuspendThread: Access is denied. (0x5)
[0302/164736.500:ERROR:process_reader_win.cc(151)] SuspendThread: Access is denied. (0x5)
[0302/164736.500:ERROR:process_reader_win.cc(151)] SuspendThread: Access is denied. (0x5)
[0302/164736.500:ERROR:process_reader_win.cc(151)] SuspendThread: Access is denied. (0x5)
[0302/164736.500:ERROR:process_reader_win.cc(151)] SuspendThread: Access is denied. (0x5)
[0302/164736.500:ERROR:process_reader_win.cc(151)] SuspendThread: Access is denied. (0x5)
[0302/164736.500:ERROR:process_reader_win.cc(151)] SuspendThread: Access is denied. (0x5)
[0302/164736.500:ERROR:process_reader_win.cc(151)] SuspendThread: Access is denied. (0x5)
[0302/164736.500:ERROR:process_reader_win.cc(123)] NtOpenThread: {Access Denied} A process has requested access to an object, but has not been granted those access rights. (0xc0000022)
[0302/164736.500:ERROR:exception_snapshot_win.cc(98)] thread ID 296 not found in process
[0302/164736.505:ERROR:process_reader_win.cc(151)] SuspendThread: Access is denied. (0x5)
[0302/164736.506:ERROR:process_reader_win.cc(151)] SuspendThread: Access is denied. (0x5)
[0302/164736.506:ERROR:process_reader_win.cc(151)] SuspendThread: Access is denied. (0x5)
[0302/164736.506:ERROR:process_reader_win.cc(151)] SuspendThread: Access is denied. (0x5)
[0302/164736.506:ERROR:process_reader_win.cc(151)] SuspendThread: Access is denied. (0x5)
[0302/164736.506:ERROR:process_reader_win.cc(151)] SuspendThread: Access is denied. (0x5)
[0302/164736.506:ERROR:process_reader_win.cc(151)] SuspendThread: Access is denied. (0x5)
[0302/164736.506:ERROR:process_reader_win.cc(151)] SuspendThread: Access is denied. (0x5)
[0302/164736.506:ERROR:process_reader_win.cc(151)] SuspendThread: Access is denied. (0x5)
[0302/164736.506:ERROR:process_reader_win.cc(151)] SuspendThread: Access is denied. (0x5)
[0302/164736.506:ERROR:process_reader_win.cc(151)] SuspendThread: Access is denied. (0x5)
[0302/164736.506:ERROR:process_reader_win.cc(151)] SuspendThread: Access is denied. (0x5)
[0302/164736.506:ERROR:process_reader_win.cc(123)] NtOpenThread: {Access Denied} A process has requested access to an object, but has not been granted those access rights. (0xc0000022)
[0302/164736.506:ERROR:exception_snapshot_win.cc(98)] thread ID 13884 not found in process
[0302/164736.526:ERROR:process_reader_win.cc(151)] SuspendThread: Access is denied. (0x5)
[0302/164736.526:ERROR:process_reader_win.cc(151)] SuspendThread: Access is denied. (0x5)
[0302/164736.526:ERROR:process_reader_win.cc(151)] SuspendThread: Access is denied. (0x5)
[0302/164736.526:ERROR:process_reader_win.cc(151)] SuspendThread: Access is denied. (0x5)
[0302/164736.526:ERROR:process_reader_win.cc(151)] SuspendThread: Access is denied. (0x5)
[0302/164736.526:ERROR:process_reader_win.cc(151)] SuspendThread: Access is denied. (0x5)
[0302/164736.526:ERROR:process_reader_win.cc(151)] SuspendThread: Access is denied. (0x5)
[0302/164736.526:ERROR:process_reader_win.cc(151)] SuspendThread: Access is denied. (0x5)
[0302/164736.526:ERROR:process_reader_win.cc(151)] SuspendThread: Access is denied. (0x5)
[0302/164736.526:ERROR:process_reader_win.cc(151)] SuspendThread: Access is denied. (0x5)
[0302/164736.526:ERROR:process_reader_win.cc(151)] SuspendThread: Access is denied. (0x5)
[0302/164736.526:ERROR:process_reader_win.cc(151)] SuspendThread: Access is denied. (0x5)
[0302/164736.526:ERROR:process_reader_win.cc(151)] SuspendThread: Access is denied. (0x5)
[0302/164736.526:ERROR:process_reader_win.cc(151)] SuspendThread: Access is denied. (0x5)
[0302/164736.526:ERROR:process_reader_win.cc(151)] SuspendThread: Access is denied. (0x5)
[0302/164736.526:ERROR:process_reader_win.cc(151)] SuspendThread: Access is denied. (0x5)
[0302/164736.526:ERROR:process_reader_win.cc(151)] SuspendThread: Access is denied. (0x5)
[0302/164736.526:ERROR:process_reader_win.cc(151)] SuspendThread: Access is denied. (0x5)
[0302/164736.526:ERROR:process_reader_win.cc(151)] SuspendThread: Access is denied. (0x5)
[0302/164736.526:ERROR:process_reader_win.cc(151)] SuspendThread: Access is denied. (0x5)
[0302/164736.526:ERROR:process_reader_win.cc(151)] SuspendThread: Access is denied. (0x5)
[0302/164736.526:ERROR:process_reader_win.cc(151)] SuspendThread: Access is denied. (0x5)
[0302/164736.526:ERROR:process_reader_win.cc(151)] SuspendThread: Access is denied. (0x5)
[0302/164736.526:ERROR:process_reader_win.cc(151)] SuspendThread: Access is denied. (0x5)
[0302/164736.526:ERROR:process_reader_win.cc(151)] SuspendThread: Access is denied. (0x5)
[0302/164736.526:ERROR:process_reader_win.cc(151)] SuspendThread: Access is denied. (0x5)
[0302/164736.526:ERROR:process_reader_win.cc(123)] NtOpenThread: {Access Denied} A process has requested access to an object, but has not been granted those access rights. (0xc0000022)
[0302/164736.526:ERROR:process_reader_win.cc(123)] NtOpenThread: {Access Denied} A process has requested access to an object, but has not been granted those access rights. (0xc0000022)
[0302/164736.526:ERROR:exception_snapshot_win.cc(98)] thread ID 9156 not found in process
[0302/164736.526:ERROR:exception_snapshot_win.cc(98)] thread ID 9956 not found in process
[0302/164736.545:ERROR:process_reader_win.cc(151)] SuspendThread: Access is denied. (0x5)
[0302/164736.545:ERROR:process_reader_win.cc(151)] SuspendThread: Access is denied. (0x5)
[0302/164736.545:ERROR:process_reader_win.cc(151)] SuspendThread: Access is denied. (0x5)
[0302/164736.545:ERROR:process_reader_win.cc(151)] SuspendThread: Access is denied. (0x5)
[0302/164736.545:ERROR:process_reader_win.cc(151)] SuspendThread: Access is denied. (0x5)
[0302/164736.545:ERROR:process_reader_win.cc(151)] SuspendThread: Access is denied. (0x5)
[0302/164736.545:ERROR:process_reader_win.cc(151)] SuspendThread: Access is denied. (0x5)
[0302/164736.545:ERROR:process_reader_win.cc(151)] SuspendThread: Access is denied. (0x5)
[0302/164736.545:ERROR:process_reader_win.cc(151)] SuspendThread: Access is denied. (0x5)
[0302/164736.545:ERROR:process_reader_win.cc(151)] SuspendThread: Access is denied. (0x5)
[0302/164736.545:ERROR:process_reader_win.cc(151)] SuspendThread: Access is denied. (0x5)
[0302/164736.545:ERROR:process_reader_win.cc(151)] SuspendThread: Access is denied. (0x5)
[0302/164736.545:ERROR:process_reader_win.cc(123)] NtOpenThread: {Access Denied} A process has requested access to an object, but has not been granted those access rights. (0xc0000022)
[0302/164736.546:ERROR:exception_snapshot_win.cc(98)] thread ID 6524 not found in process
[0302/164736.553:ERROR:process_reader_win.cc(151)] SuspendThread: Access is denied. (0x5)
[0302/164736.553:ERROR:process_reader_win.cc(151)] SuspendThread: Access is denied. (0x5)
[0302/164736.553:ERROR:process_reader_win.cc(151)] SuspendThread: Access is denied. (0x5)
[0302/164736.553:ERROR:process_reader_win.cc(151)] SuspendThread: Access is denied. (0x5)
[0302/164736.553:ERROR:process_reader_win.cc(151)] SuspendThread: Access is denied. (0x5)
[0302/164736.553:ERROR:process_reader_win.cc(151)] SuspendThread: Access is denied. (0x5)
[0302/164736.553:ERROR:process_reader_win.cc(151)] SuspendThread: Access is denied. (0x5)
[0302/164736.553:ERROR:process_reader_win.cc(151)] SuspendThread: Access is denied. (0x5)
[0302/164736.553:ERROR:process_reader_win.cc(151)] SuspendThread: Access is denied. (0x5)
[0302/164736.553:ERROR:process_reader_win.cc(151)] SuspendThread: Access is denied. (0x5)
[0302/164736.553:ERROR:process_reader_win.cc(151)] SuspendThread: Access is denied. (0x5)
[0302/164736.553:ERROR:process_reader_win.cc(151)] SuspendThread: Access is denied. (0x5)
[0302/164736.553:ERROR:process_reader_win.cc(151)] SuspendThread: Access is denied. (0x5)
[0302/164736.553:ERROR:process_reader_win.cc(123)] NtOpenThread: {Access Denied} A process has requested access to an object, but has not been granted those access rights. (0xc0000022)
[0302/164736.553:ERROR:exception_snapshot_win.cc(98)] thread ID 6796 not found in process
[0302/164736.585:ERROR:process_reader_win.cc(151)] SuspendThread: Access is denied. (0x5)
[0302/164736.585:ERROR:process_reader_win.cc(151)] SuspendThread: Access is denied. (0x5)
[0302/164736.585:ERROR:process_reader_win.cc(151)] SuspendThread: Access is denied. (0x5)
[0302/164736.585:ERROR:process_reader_win.cc(151)] SuspendThread: Access is denied. (0x5)
[0302/164736.585:ERROR:process_reader_win.cc(151)] SuspendThread: Access is denied. (0x5)
[0302/164736.585:ERROR:process_reader_win.cc(151)] SuspendThread: Access is denied. (0x5)
[0302/164736.585:ERROR:process_reader_win.cc(151)] SuspendThread: Access is denied. (0x5)
[0302/164736.585:ERROR:process_reader_win.cc(151)] SuspendThread: Access is denied. (0x5)
[0302/164736.585:ERROR:process_reader_win.cc(151)] SuspendThread: Access is denied. (0x5)
[0302/164736.585:ERROR:process_reader_win.cc(151)] SuspendThread: Access is denied. (0x5)
[0302/164736.585:ERROR:process_reader_win.cc(151)] SuspendThread: Access is denied. (0x5)
[0302/164736.585:ERROR:process_reader_win.cc(151)] SuspendThread: Access is denied. (0x5)
[0302/164736.585:ERROR:process_reader_win.cc(151)] SuspendThread: Access is denied. (0x5)
[0302/164736.585:ERROR:process_reader_win.cc(151)] SuspendThread: Access is denied. (0x5)
[0302/164736.585:ERROR:process_reader_win.cc(123)] NtOpenThread: {Access Denied} A process has requested access to an object, but has not been granted those access rights. (0xc0000022)
[0302/164736.585:ERROR:exception_snapshot_win.cc(98)] thread ID 18168 not found in process
[0302/164736.598:ERROR:process_reader_win.cc(151)] SuspendThread: Access is denied. (0x5)
[0302/164736.598:ERROR:process_reader_win.cc(151)] SuspendThread: Access is denied. (0x5)
[0302/164736.598:ERROR:process_reader_win.cc(151)] SuspendThread: Access is denied. (0x5)
[0302/164736.598:ERROR:process_reader_win.cc(151)] SuspendThread: Access is denied. (0x5)
[0302/164736.598:ERROR:process_reader_win.cc(151)] SuspendThread: Access is denied. (0x5)
[0302/164736.598:ERROR:process_reader_win.cc(151)] SuspendThread: Access is denied. (0x5)
[0302/164736.598:ERROR:process_reader_win.cc(151)] SuspendThread: Access is denied. (0x5)
[0302/164736.598:ERROR:process_reader_win.cc(151)] SuspendThread: Access is denied. (0x5)
[0302/164736.598:ERROR:process_reader_win.cc(151)] SuspendThread: Access is denied. (0x5)
[0302/164736.598:ERROR:process_reader_win.cc(151)] SuspendThread: Access is denied. (0x5)
[0302/164736.598:ERROR:process_reader_win.cc(151)] SuspendThread: Access is denied. (0x5)
[0302/164736.598:ERROR:process_reader_win.cc(151)] SuspendThread: Access is denied. (0x5)
[0302/164736.598:ERROR:process_reader_win.cc(151)] SuspendThread: Access is denied. (0x5)
[0302/164736.598:ERROR:process_reader_win.cc(151)] SuspendThread: Access is denied. (0x5)
[0302/164736.598:ERROR:process_reader_win.cc(151)] SuspendThread: Access is denied. (0x5)
[0302/164736.598:ERROR:process_reader_win.cc(123)] NtOpenThread: {Access Denied} A process has requested access to an object, but has not been granted those access rights. (0xc0000022)
[0302/164736.598:ERROR:exception_snapshot_win.cc(98)] thread ID 15736 not found in process
[0326/112047.875:ERROR:process_reader_win.cc(151)] SuspendThread: Access is denied. (0x5)
[0326/112047.879:ERROR:process_reader_win.cc(151)] SuspendThread: Access is denied. (0x5)
[0326/112047.879:ERROR:process_reader_win.cc(151)] SuspendThread: Access is denied. (0x5)
[0326/112047.879:ERROR:process_reader_win.cc(151)] SuspendThread: Access is denied. (0x5)
[0326/112047.879:ERROR:process_reader_win.cc(123)] NtOpenThread: {Access Denied} A process has requested access to an object, but has not been granted those access rights. (0xc0000022)
[0326/112047.879:ERROR:exception_snapshot_win.cc(98)] thread ID 14392 not found in process
[0326/112047.879:ERROR:process_reader_win.cc(123)] NtOpenThread: {Access Denied} A process has requested access to an object, but has not been granted those access rights. (0xc0000022)
[0326/112047.879:ERROR:exception_snapshot_win.cc(98)] thread ID 13292 not found in process
[0326/112047.887:ERROR:process_reader_win.cc(151)] SuspendThread: Access is denied. (0x5)
[0326/112047.887:ERROR:process_reader_win.cc(151)] SuspendThread: Access is denied. (0x5)
[0326/112047.887:ERROR:process_reader_win.cc(123)] NtOpenThread: {Access Denied} A process has requested access to an object, but has not been granted those access rights. (0xc0000022)
[0326/112047.887:ERROR:exception_snapshot_win.cc(98)] thread ID 9052 not found in process
[0326/112047.919:ERROR:process_reader_win.cc(151)] SuspendThread: Access is denied. (0x5)
[0326/112047.919:ERROR:process_reader_win.cc(151)] SuspendThread: Access is denied. (0x5)
[0326/112047.919:ERROR:process_reader_win.cc(123)] NtOpenThread: {Access Denied} A process has requested access to an object, but has not been granted those access rights. (0xc0000022)
[0326/112047.919:ERROR:exception_snapshot_win.cc(98)] thread ID 15096 not found in process
[0326/112048.079:ERROR:process_reader_win.cc(151)] SuspendThread: Access is denied. (0x5)
[0326/112048.079:ERROR:process_reader_win.cc(151)] SuspendThread: Access is denied. (0x5)
[0326/112048.079:ERROR:process_reader_win.cc(151)] SuspendThread: Access is denied. (0x5)
[0326/112048.079:ERROR:process_reader_win.cc(151)] SuspendThread: Access is denied. (0x5)
[0326/112048.079:ERROR:process_reader_win.cc(151)] SuspendThread: Access is denied. (0x5)
[0326/112048.079:ERROR:process_reader_win.cc(151)] SuspendThread: Access is denied. (0x5)
[0326/112048.079:ERROR:process_reader_win.cc(151)] SuspendThread: Access is denied. (0x5)
[0326/112048.079:ERROR:process_reader_win.cc(151)] SuspendThread: Access is denied. (0x5)
[0326/112048.079:ERROR:process_reader_win.cc(151)] SuspendThread: Access is denied. (0x5)
[0326/112048.079:ERROR:process_reader_win.cc(151)] SuspendThread: Access is denied. (0x5)
[0326/112048.079:ERROR:process_reader_win.cc(151)] SuspendThread: Access is denied. (0x5)
[0326/112048.079:ERROR:process_reader_win.cc(123)] NtOpenThread: {Access Denied} A process has requested access to an object, but has not been granted those access rights. (0xc0000022)
[0326/112048.079:ERROR:exception_snapshot_win.cc(98)] thread ID 10348 not found in process
[0327/134523.562:ERROR:process_reader_win.cc(151)] SuspendThread: Access is denied. (0x5)
[0327/134523.565:ERROR:process_reader_win.cc(151)] SuspendThread: Access is denied. (0x5)
[0327/134523.566:ERROR:process_reader_win.cc(151)] SuspendThread: Access is denied. (0x5)
[0327/134523.566:ERROR:process_reader_win.cc(151)] SuspendThread: Access is denied. (0x5)
[0327/134523.566:ERROR:process_reader_win.cc(151)] SuspendThread: Access is denied. (0x5)
[0327/134523.566:ERROR:process_reader_win.cc(151)] SuspendThread: Access is denied. (0x5)
[0327/134523.566:ERROR:process_reader_win.cc(151)] SuspendThread: Access is denied. (0x5)
[0327/134523.566:ERROR:process_reader_win.cc(151)] SuspendThread: Access is denied. (0x5)
[0327/134523.566:ERROR:process_reader_win.cc(151)] SuspendThread: Access is denied. (0x5)
[0327/134523.566:ERROR:process_reader_win.cc(151)] SuspendThread: Access is denied. (0x5)
[0327/134523.566:ERROR:process_reader_win.cc(151)] SuspendThread: Access is denied. (0x5)
[0327/134523.566:ERROR:process_reader_win.cc(151)] SuspendThread: Access is denied. (0x5)
[0327/134523.566:ERROR:process_reader_win.cc(151)] SuspendThread: Access is denied. (0x5)
[0327/134523.566:ERROR:process_reader_win.cc(123)] NtOpenThread: {Access Denied} A process has requested access to an object, but has not been granted those access rights. (0xc0000022)
[0327/134523.569:ERROR:exception_snapshot_win.cc(98)] thread ID 15500 not found in process
[0327/134524.675:ERROR:process_reader_win.cc(151)] SuspendThread: Access is denied. (0x5)
[0327/134524.675:ERROR:process_reader_win.cc(151)] SuspendThread: Access is denied. (0x5)
[0327/134524.675:ERROR:process_reader_win.cc(123)] NtOpenThread: {Access Denied} A process has requested access to an object, but has not been granted those access rights. (0xc0000022)
[0327/134524.675:ERROR:exception_snapshot_win.cc(98)] thread ID 6188 not found in process
[0327/134524.734:ERROR:process_reader_win.cc(151)] SuspendThread: Access is denied. (0x5)
[0327/134524.734:ERROR:process_reader_win.cc(151)] SuspendThread: Access is denied. (0x5)
[0327/134524.734:ERROR:process_reader_win.cc(151)] SuspendThread: Access is denied. (0x5)
[0327/134524.734:ERROR:process_reader_win.cc(151)] SuspendThread: Access is denied. (0x5)
[0327/134524.734:ERROR:process_reader_win.cc(151)] SuspendThread: Access is denied. (0x5)
[0327/134524.734:ERROR:process_reader_win.cc(151)] SuspendThread: Access is denied. (0x5)
[0327/134524.734:ERROR:process_reader_win.cc(151)] SuspendThread: Access is denied. (0x5)
[0327/134524.734:ERROR:process_reader_win.cc(151)] SuspendThread: Access is denied. (0x5)
[0327/134524.734:ERROR:process_reader_win.cc(151)] SuspendThread: Access is denied. (0x5)
[0327/134524.734:ERROR:process_reader_win.cc(151)] SuspendThread: Access is denied. (0x5)
[0327/134524.734:ERROR:process_reader_win.cc(151)] SuspendThread: Access is denied. (0x5)
[0327/134524.735:ERROR:process_reader_win.cc(151)] SuspendThread: Access is denied. (0x5)
[0327/134524.735:ERROR:process_reader_win.cc(123)] NtOpenThread: {Access Denied} A process has requested access to an object, but has not been granted those access rights. (0xc0000022)
[0327/134524.735:ERROR:exception_snapshot_win.cc(98)] thread ID 12500 not found in process
[0327/134524.736:ERROR:process_reader_win.cc(151)] SuspendThread: Access is denied. (0x5)
[0327/134524.736:ERROR:process_reader_win.cc(151)] SuspendThread: Access is denied. (0x5)
[0327/134524.736:ERROR:process_reader_win.cc(151)] SuspendThread: Access is denied. (0x5)
[0327/134524.736:ERROR:process_reader_win.cc(151)] SuspendThread: Access is denied. (0x5)
[0327/134524.736:ERROR:process_reader_win.cc(151)] SuspendThread: Access is denied. (0x5)
[0327/134524.736:ERROR:process_reader_win.cc(151)] SuspendThread: Access is denied. (0x5)
[0327/134524.736:ERROR:process_reader_win.cc(151)] SuspendThread: Access is denied. (0x5)
[0327/134524.736:ERROR:process_reader_win.cc(151)] SuspendThread: Access is denied. (0x5)
[0327/134524.736:ERROR:process_reader_win.cc(151)] SuspendThread: Access is denied. (0x5)
[0327/134524.736:ERROR:process_reader_win.cc(151)] SuspendThread: Access is denied. (0x5)
[0327/134524.736:ERROR:process_reader_win.cc(151)] SuspendThread: Access is denied. (0x5)
[0327/134524.736:ERROR:process_reader_win.cc(151)] SuspendThread: Access is denied. (0x5)
[0327/134524.736:ERROR:process_reader_win.cc(123)] NtOpenThread: {Access Denied} A process has requested access to an object, but has not been granted those access rights. (0xc0000022)
[0327/134524.736:ERROR:exception_snapshot_win.cc(98)] thread ID 4176 not found in process
[0327/134524.767:ERROR:process_reader_win.cc(151)] SuspendThread: Access is denied. (0x5)
[0327/134524.767:ERROR:process_reader_win.cc(151)] SuspendThread: Access is denied. (0x5)
[0327/134524.767:ERROR:process_reader_win.cc(151)] SuspendThread: Access is denied. (0x5)
[0327/134524.767:ERROR:process_reader_win.cc(151)] SuspendThread: Access is denied. (0x5)
[0327/134524.767:ERROR:process_reader_win.cc(151)] SuspendThread: Access is denied. (0x5)
[0327/134524.767:ERROR:process_reader_win.cc(151)] SuspendThread: Access is denied. (0x5)
[0327/134524.767:ERROR:process_reader_win.cc(151)] SuspendThread: Access is denied. (0x5)
[0327/134524.767:ERROR:process_reader_win.cc(151)] SuspendThread: Access is denied. (0x5)
[0327/134524.767:ERROR:process_reader_win.cc(151)] SuspendThread: Access is denied. (0x5)
[0327/134524.767:ERROR:process_reader_win.cc(151)] SuspendThread: Access is denied. (0x5)
[0327/134524.767:ERROR:process_reader_win.cc(151)] SuspendThread: Access is denied. (0x5)
[0327/134524.767:ERROR:process_reader_win.cc(151)] SuspendThread: Access is denied. (0x5)
[0327/134524.767:ERROR:process_reader_win.cc(151)] SuspendThread: Access is denied. (0x5)
[0327/134524.767:ERROR:process_reader_win.cc(123)] NtOpenThread: {Access Denied} A process has requested access to an object, but has not been granted those access rights. (0xc0000022)
[0327/134524.767:ERROR:exception_snapshot_win.cc(98)] thread ID 13524 not found in process
<<<<<<< HEAD
[0409/165259.937:ERROR:process_reader_win.cc(151)] SuspendThread: Access is denied. (0x5)
[0409/165259.943:ERROR:process_reader_win.cc(151)] SuspendThread: Access is denied. (0x5)
[0409/165259.944:ERROR:process_reader_win.cc(151)] SuspendThread: Access is denied. (0x5)
[0409/165259.944:ERROR:process_reader_win.cc(151)] SuspendThread: Access is denied. (0x5)
[0409/165259.944:ERROR:process_reader_win.cc(151)] SuspendThread: Access is denied. (0x5)
[0409/165259.944:ERROR:process_reader_win.cc(151)] SuspendThread: Access is denied. (0x5)
[0409/165259.944:ERROR:process_reader_win.cc(151)] SuspendThread: Access is denied. (0x5)
[0409/165259.944:ERROR:process_reader_win.cc(151)] SuspendThread: Access is denied. (0x5)
[0409/165259.944:ERROR:process_reader_win.cc(151)] SuspendThread: Access is denied. (0x5)
[0409/165259.944:ERROR:process_reader_win.cc(151)] SuspendThread: Access is denied. (0x5)
[0409/165259.944:ERROR:process_reader_win.cc(123)] NtOpenThread: {Access Denied} A process has requested access to an object, but has not been granted those access rights. (0xc0000022)
[0409/165259.950:ERROR:exception_snapshot_win.cc(98)] thread ID 8776 not found in process
[0409/165259.952:ERROR:process_reader_win.cc(151)] SuspendThread: Access is denied. (0x5)
[0409/165259.952:ERROR:process_reader_win.cc(151)] SuspendThread: Access is denied. (0x5)
[0409/165259.952:ERROR:process_reader_win.cc(151)] SuspendThread: Access is denied. (0x5)
[0409/165259.952:ERROR:process_reader_win.cc(151)] SuspendThread: Access is denied. (0x5)
[0409/165259.953:ERROR:process_reader_win.cc(151)] SuspendThread: Access is denied. (0x5)
[0409/165259.953:ERROR:process_reader_win.cc(151)] SuspendThread: Access is denied. (0x5)
[0409/165259.953:ERROR:process_reader_win.cc(151)] SuspendThread: Access is denied. (0x5)
[0409/165259.953:ERROR:process_reader_win.cc(151)] SuspendThread: Access is denied. (0x5)
[0409/165259.953:ERROR:process_reader_win.cc(151)] SuspendThread: Access is denied. (0x5)
[0409/165259.953:ERROR:process_reader_win.cc(151)] SuspendThread: Access is denied. (0x5)
[0409/165259.953:ERROR:process_reader_win.cc(151)] SuspendThread: Access is denied. (0x5)
[0409/165259.953:ERROR:process_reader_win.cc(123)] NtOpenThread: {Access Denied} A process has requested access to an object, but has not been granted those access rights. (0xc0000022)
[0409/165259.953:ERROR:exception_snapshot_win.cc(98)] thread ID 7492 not found in process
[0409/165259.953:ERROR:process_reader_win.cc(151)] SuspendThread: Access is denied. (0x5)
[0409/165259.953:ERROR:process_reader_win.cc(151)] SuspendThread: Access is denied. (0x5)
[0409/165259.953:ERROR:process_reader_win.cc(151)] SuspendThread: Access is denied. (0x5)
[0409/165259.953:ERROR:process_reader_win.cc(151)] SuspendThread: Access is denied. (0x5)
[0409/165259.953:ERROR:process_reader_win.cc(151)] SuspendThread: Access is denied. (0x5)
[0409/165259.953:ERROR:process_reader_win.cc(151)] SuspendThread: Access is denied. (0x5)
[0409/165259.953:ERROR:process_reader_win.cc(151)] SuspendThread: Access is denied. (0x5)
[0409/165259.953:ERROR:process_reader_win.cc(151)] SuspendThread: Access is denied. (0x5)
[0409/165259.953:ERROR:process_reader_win.cc(151)] SuspendThread: Access is denied. (0x5)
[0409/165259.953:ERROR:process_reader_win.cc(151)] SuspendThread: Access is denied. (0x5)
[0409/165259.953:ERROR:process_reader_win.cc(151)] SuspendThread: Access is denied. (0x5)
[0409/165259.954:ERROR:process_reader_win.cc(151)] SuspendThread: Access is denied. (0x5)
[0409/165259.954:ERROR:process_reader_win.cc(123)] NtOpenThread: {Access Denied} A process has requested access to an object, but has not been granted those access rights. (0xc0000022)
[0409/165259.954:ERROR:exception_snapshot_win.cc(98)] thread ID 11284 not found in process
[0409/165259.959:ERROR:process_reader_win.cc(151)] SuspendThread: Access is denied. (0x5)
[0409/165259.959:ERROR:process_reader_win.cc(123)] NtOpenThread: {Access Denied} A process has requested access to an object, but has not been granted those access rights. (0xc0000022)
[0409/165259.959:ERROR:exception_snapshot_win.cc(98)] thread ID 11160 not found in process
[0409/165259.977:ERROR:process_reader_win.cc(151)] SuspendThread: Access is denied. (0x5)
[0409/165259.977:ERROR:process_reader_win.cc(151)] SuspendThread: Access is denied. (0x5)
[0409/165259.978:ERROR:process_reader_win.cc(123)] NtOpenThread: {Access Denied} A process has requested access to an object, but has not been granted those access rights. (0xc0000022)
[0409/165259.978:ERROR:exception_snapshot_win.cc(98)] thread ID 6828 not found in process
=======
[0409/143630.838:ERROR:process_reader_win.cc(151)] SuspendThread: Access is denied. (0x5)
[0409/143630.840:ERROR:process_reader_win.cc(151)] SuspendThread: Access is denied. (0x5)
[0409/143630.840:ERROR:process_reader_win.cc(151)] SuspendThread: Access is denied. (0x5)
[0409/143630.840:ERROR:process_reader_win.cc(151)] SuspendThread: Access is denied. (0x5)
[0409/143630.840:ERROR:process_reader_win.cc(151)] SuspendThread: Access is denied. (0x5)
[0409/143630.840:ERROR:process_reader_win.cc(151)] SuspendThread: Access is denied. (0x5)
[0409/143630.840:ERROR:process_reader_win.cc(151)] SuspendThread: Access is denied. (0x5)
[0409/143630.840:ERROR:process_reader_win.cc(151)] SuspendThread: Access is denied. (0x5)
[0409/143630.840:ERROR:process_reader_win.cc(151)] SuspendThread: Access is denied. (0x5)
[0409/143630.840:ERROR:process_reader_win.cc(151)] SuspendThread: Access is denied. (0x5)
[0409/143630.840:ERROR:process_reader_win.cc(151)] SuspendThread: Access is denied. (0x5)
[0409/143630.840:ERROR:process_reader_win.cc(151)] SuspendThread: Access is denied. (0x5)
[0409/143630.841:ERROR:process_reader_win.cc(151)] SuspendThread: Access is denied. (0x5)
[0409/143630.841:ERROR:process_reader_win.cc(151)] SuspendThread: Access is denied. (0x5)
[0409/143630.841:ERROR:process_reader_win.cc(151)] SuspendThread: Access is denied. (0x5)
[0409/143630.841:ERROR:process_reader_win.cc(151)] SuspendThread: Access is denied. (0x5)
[0409/143630.841:ERROR:process_reader_win.cc(151)] SuspendThread: Access is denied. (0x5)
[0409/143630.841:ERROR:process_reader_win.cc(151)] SuspendThread: Access is denied. (0x5)
[0409/143630.841:ERROR:process_reader_win.cc(151)] SuspendThread: Access is denied. (0x5)
[0409/143630.841:ERROR:process_reader_win.cc(151)] SuspendThread: Access is denied. (0x5)
[0409/143630.841:ERROR:process_reader_win.cc(151)] SuspendThread: Access is denied. (0x5)
[0409/143630.841:ERROR:process_reader_win.cc(151)] SuspendThread: Access is denied. (0x5)
[0409/143630.841:ERROR:process_reader_win.cc(151)] SuspendThread: Access is denied. (0x5)
[0409/143630.841:ERROR:process_reader_win.cc(151)] SuspendThread: Access is denied. (0x5)
[0409/143630.841:ERROR:process_reader_win.cc(123)] NtOpenThread: {Access Denied} A process has requested access to an object, but has not been granted those access rights. (0xc0000022)
[0409/143630.844:ERROR:exception_snapshot_win.cc(98)] thread ID 12536 not found in process
[0409/143630.841:ERROR:process_reader_win.cc(123)] NtOpenThread: {Access Denied} A process has requested access to an object, but has not been granted those access rights. (0xc0000022)
[0409/143630.844:ERROR:exception_snapshot_win.cc(98)] thread ID 1872 not found in process
[0409/143630.849:ERROR:process_reader_win.cc(151)] SuspendThread: Access is denied. (0x5)
[0409/143630.850:ERROR:process_reader_win.cc(151)] SuspendThread: Access is denied. (0x5)
[0409/143630.850:ERROR:process_reader_win.cc(151)] SuspendThread: Access is denied. (0x5)
[0409/143630.850:ERROR:process_reader_win.cc(151)] SuspendThread: Access is denied. (0x5)
[0409/143630.850:ERROR:process_reader_win.cc(151)] SuspendThread: Access is denied. (0x5)
[0409/143630.850:ERROR:process_reader_win.cc(151)] SuspendThread: Access is denied. (0x5)
[0409/143630.850:ERROR:process_reader_win.cc(151)] SuspendThread: Access is denied. (0x5)
[0409/143630.850:ERROR:process_reader_win.cc(151)] SuspendThread: Access is denied. (0x5)
[0409/143630.850:ERROR:process_reader_win.cc(151)] SuspendThread: Access is denied. (0x5)
[0409/143630.850:ERROR:process_reader_win.cc(151)] SuspendThread: Access is denied. (0x5)
[0409/143630.850:ERROR:process_reader_win.cc(151)] SuspendThread: Access is denied. (0x5)
[0409/143630.850:ERROR:process_reader_win.cc(151)] SuspendThread: Access is denied. (0x5)
[0409/143630.850:ERROR:process_reader_win.cc(123)] NtOpenThread: {Access Denied} A process has requested access to an object, but has not been granted those access rights. (0xc0000022)
[0409/143630.850:ERROR:exception_snapshot_win.cc(98)] thread ID 5980 not found in process
[0409/143630.867:ERROR:process_reader_win.cc(151)] SuspendThread: Access is denied. (0x5)
[0409/143630.867:ERROR:process_reader_win.cc(151)] SuspendThread: Access is denied. (0x5)
[0409/143630.867:ERROR:process_reader_win.cc(151)] SuspendThread: Access is denied. (0x5)
[0409/143630.867:ERROR:process_reader_win.cc(151)] SuspendThread: Access is denied. (0x5)
[0409/143630.867:ERROR:process_reader_win.cc(151)] SuspendThread: Access is denied. (0x5)
[0409/143630.867:ERROR:process_reader_win.cc(151)] SuspendThread: Access is denied. (0x5)
[0409/143630.867:ERROR:process_reader_win.cc(151)] SuspendThread: Access is denied. (0x5)
[0409/143630.867:ERROR:process_reader_win.cc(151)] SuspendThread: Access is denied. (0x5)
[0409/143630.867:ERROR:process_reader_win.cc(151)] SuspendThread: Access is denied. (0x5)
[0409/143630.867:ERROR:process_reader_win.cc(151)] SuspendThread: Access is denied. (0x5)
[0409/143630.868:ERROR:process_reader_win.cc(151)] SuspendThread: Access is denied. (0x5)
[0409/143630.868:ERROR:process_reader_win.cc(151)] SuspendThread: Access is denied. (0x5)
[0409/143630.868:ERROR:process_reader_win.cc(123)] NtOpenThread: {Access Denied} A process has requested access to an object, but has not been granted those access rights. (0xc0000022)
[0409/143630.868:ERROR:exception_snapshot_win.cc(98)] thread ID 8668 not found in process
[0409/143630.893:ERROR:process_reader_win.cc(151)] SuspendThread: Access is denied. (0x5)
[0409/143630.893:ERROR:process_reader_win.cc(151)] SuspendThread: Access is denied. (0x5)
[0409/143630.893:ERROR:process_reader_win.cc(151)] SuspendThread: Access is denied. (0x5)
[0409/143630.893:ERROR:process_reader_win.cc(151)] SuspendThread: Access is denied. (0x5)
[0409/143630.893:ERROR:process_reader_win.cc(151)] SuspendThread: Access is denied. (0x5)
[0409/143630.893:ERROR:process_reader_win.cc(151)] SuspendThread: Access is denied. (0x5)
[0409/143630.893:ERROR:process_reader_win.cc(151)] SuspendThread: Access is denied. (0x5)
[0409/143630.893:ERROR:process_reader_win.cc(151)] SuspendThread: Access is denied. (0x5)
[0409/143630.893:ERROR:process_reader_win.cc(151)] SuspendThread: Access is denied. (0x5)
[0409/143630.894:ERROR:process_reader_win.cc(151)] SuspendThread: Access is denied. (0x5)
[0409/143630.894:ERROR:process_reader_win.cc(151)] SuspendThread: Access is denied. (0x5)
[0409/143630.894:ERROR:process_reader_win.cc(151)] SuspendThread: Access is denied. (0x5)
[0409/143630.894:ERROR:process_reader_win.cc(123)] NtOpenThread: {Access Denied} A process has requested access to an object, but has not been granted those access rights. (0xc0000022)
[0409/143630.894:ERROR:exception_snapshot_win.cc(98)] thread ID 13352 not found in process
[0409/143630.895:ERROR:process_reader_win.cc(151)] SuspendThread: Access is denied. (0x5)
[0409/143630.895:ERROR:process_reader_win.cc(151)] SuspendThread: Access is denied. (0x5)
[0409/143630.895:ERROR:process_reader_win.cc(151)] SuspendThread: Access is denied. (0x5)
[0409/143630.895:ERROR:process_reader_win.cc(151)] SuspendThread: Access is denied. (0x5)
[0409/143630.895:ERROR:process_reader_win.cc(151)] SuspendThread: Access is denied. (0x5)
[0409/143630.895:ERROR:process_reader_win.cc(151)] SuspendThread: Access is denied. (0x5)
[0409/143630.895:ERROR:process_reader_win.cc(151)] SuspendThread: Access is denied. (0x5)
[0409/143630.895:ERROR:process_reader_win.cc(151)] SuspendThread: Access is denied. (0x5)
[0409/143630.895:ERROR:process_reader_win.cc(151)] SuspendThread: Access is denied. (0x5)
[0409/143630.895:ERROR:process_reader_win.cc(151)] SuspendThread: Access is denied. (0x5)
[0409/143630.895:ERROR:process_reader_win.cc(151)] SuspendThread: Access is denied. (0x5)
[0409/143630.895:ERROR:process_reader_win.cc(123)] NtOpenThread: {Access Denied} A process has requested access to an object, but has not been granted those access rights. (0xc0000022)
[0409/143630.895:ERROR:exception_snapshot_win.cc(98)] thread ID 1920 not found in process
>>>>>>> dev-dennis
[0417/125509.431:ERROR:process_reader_win.cc(151)] SuspendThread: Access is denied. (0x5)
[0417/125509.479:ERROR:process_reader_win.cc(151)] SuspendThread: Access is denied. (0x5)
[0417/125509.491:ERROR:process_reader_win.cc(151)] SuspendThread: Access is denied. (0x5)
[0417/125509.460:ERROR:process_reader_win.cc(123)] NtOpenThread: {Access Denied} A process has requested access to an object, but has not been granted those access rights. (0xc0000022)
[0417/125509.494:ERROR:exception_snapshot_win.cc(98)] thread ID 5580 not found in process
[0417/125509.450:ERROR:process_reader_win.cc(151)] SuspendThread: Access is denied. (0x5)
[0417/125509.513:ERROR:process_reader_win.cc(123)] NtOpenThread: {Access Denied} A process has requested access to an object, but has not been granted those access rights. (0xc0000022)
[0417/125509.514:ERROR:exception_snapshot_win.cc(98)] thread ID 15240 not found in process
[0417/125509.468:ERROR:process_reader_win.cc(123)] NtOpenThread: {Access Denied} A process has requested access to an object, but has not been granted those access rights. (0xc0000022)
[0417/125509.524:ERROR:exception_snapshot_win.cc(98)] thread ID 3812 not found in process
[0417/125509.479:ERROR:process_reader_win.cc(123)] NtOpenThread: {Access Denied} A process has requested access to an object, but has not been granted those access rights. (0xc0000022)
[0417/125509.528:ERROR:exception_snapshot_win.cc(98)] thread ID 12692 not found in process
[0417/125509.491:ERROR:process_reader_win.cc(123)] NtOpenThread: {Access Denied} A process has requested access to an object, but has not been granted those access rights. (0xc0000022)
[0417/125509.535:ERROR:exception_snapshot_win.cc(98)] thread ID 2876 not found in process
[0417/125509.579:ERROR:process_reader_win.cc(151)] SuspendThread: Access is denied. (0x5)
[0417/125509.579:ERROR:process_reader_win.cc(151)] SuspendThread: Access is denied. (0x5)
[0417/125509.579:ERROR:process_reader_win.cc(151)] SuspendThread: Access is denied. (0x5)
[0417/125509.579:ERROR:process_reader_win.cc(151)] SuspendThread: Access is denied. (0x5)
[0417/125509.579:ERROR:process_reader_win.cc(151)] SuspendThread: Access is denied. (0x5)
[0417/125509.579:ERROR:process_reader_win.cc(151)] SuspendThread: Access is denied. (0x5)
[0417/125509.579:ERROR:process_reader_win.cc(151)] SuspendThread: Access is denied. (0x5)
[0417/125509.579:ERROR:process_reader_win.cc(151)] SuspendThread: Access is denied. (0x5)
[0417/125509.579:ERROR:process_reader_win.cc(151)] SuspendThread: Access is denied. (0x5)
[0417/125509.579:ERROR:process_reader_win.cc(151)] SuspendThread: Access is denied. (0x5)
[0417/125509.580:ERROR:process_reader_win.cc(151)] SuspendThread: Access is denied. (0x5)
[0417/125509.580:ERROR:process_reader_win.cc(151)] SuspendThread: Access is denied. (0x5)
[0417/125509.580:ERROR:process_reader_win.cc(123)] NtOpenThread: {Access Denied} A process has requested access to an object, but has not been granted those access rights. (0xc0000022)
[0417/125509.580:ERROR:exception_snapshot_win.cc(98)] thread ID 5208 not found in process
[0417/125509.590:ERROR:process_reader_win.cc(151)] SuspendThread: Access is denied. (0x5)
[0417/125509.590:ERROR:process_reader_win.cc(151)] SuspendThread: Access is denied. (0x5)
[0417/125509.590:ERROR:process_reader_win.cc(151)] SuspendThread: Access is denied. (0x5)
[0417/125509.591:ERROR:process_reader_win.cc(151)] SuspendThread: Access is denied. (0x5)
[0417/125509.591:ERROR:process_reader_win.cc(151)] SuspendThread: Access is denied. (0x5)
[0417/125509.591:ERROR:process_reader_win.cc(151)] SuspendThread: Access is denied. (0x5)
[0417/125509.591:ERROR:process_reader_win.cc(151)] SuspendThread: Access is denied. (0x5)
[0417/125509.591:ERROR:process_reader_win.cc(151)] SuspendThread: Access is denied. (0x5)
[0417/125509.591:ERROR:process_reader_win.cc(151)] SuspendThread: Access is denied. (0x5)
[0417/125509.591:ERROR:process_reader_win.cc(151)] SuspendThread: Access is denied. (0x5)
[0417/125509.591:ERROR:process_reader_win.cc(123)] NtOpenThread: {Access Denied} A process has requested access to an object, but has not been granted those access rights. (0xc0000022)
[0417/125509.591:ERROR:exception_snapshot_win.cc(98)] thread ID 13972 not found in process
[0417/125509.596:ERROR:process_reader_win.cc(151)] SuspendThread: Access is denied. (0x5)
[0417/125509.596:ERROR:process_reader_win.cc(151)] SuspendThread: Access is denied. (0x5)
[0417/125509.596:ERROR:process_reader_win.cc(151)] SuspendThread: Access is denied. (0x5)
[0417/125509.596:ERROR:process_reader_win.cc(151)] SuspendThread: Access is denied. (0x5)
[0417/125509.596:ERROR:process_reader_win.cc(151)] SuspendThread: Access is denied. (0x5)
[0417/125509.596:ERROR:process_reader_win.cc(151)] SuspendThread: Access is denied. (0x5)
[0417/125509.596:ERROR:process_reader_win.cc(151)] SuspendThread: Access is denied. (0x5)
[0417/125509.596:ERROR:process_reader_win.cc(151)] SuspendThread: Access is denied. (0x5)
[0417/125509.596:ERROR:process_reader_win.cc(151)] SuspendThread: Access is denied. (0x5)
[0417/125509.596:ERROR:process_reader_win.cc(151)] SuspendThread: Access is denied. (0x5)
[0417/125509.596:ERROR:process_reader_win.cc(151)] SuspendThread: Access is denied. (0x5)
[0417/125509.596:ERROR:process_reader_win.cc(151)] SuspendThread: Access is denied. (0x5)
[0417/125509.596:ERROR:process_reader_win.cc(151)] SuspendThread: Access is denied. (0x5)
[0417/125509.596:ERROR:process_reader_win.cc(151)] SuspendThread: Access is denied. (0x5)
[0417/125509.596:ERROR:process_reader_win.cc(123)] NtOpenThread: {Access Denied} A process has requested access to an object, but has not been granted those access rights. (0xc0000022)
[0417/125509.596:ERROR:exception_snapshot_win.cc(98)] thread ID 12972 not found in process
[0417/125509.623:ERROR:process_reader_win.cc(151)] SuspendThread: Access is denied. (0x5)
[0417/125509.623:ERROR:process_reader_win.cc(151)] SuspendThread: Access is denied. (0x5)
[0417/125509.623:ERROR:process_reader_win.cc(151)] SuspendThread: Access is denied. (0x5)
[0417/125509.623:ERROR:process_reader_win.cc(151)] SuspendThread: Access is denied. (0x5)
[0417/125509.623:ERROR:process_reader_win.cc(151)] SuspendThread: Access is denied. (0x5)
[0417/125509.623:ERROR:process_reader_win.cc(151)] SuspendThread: Access is denied. (0x5)
[0417/125509.623:ERROR:process_reader_win.cc(151)] SuspendThread: Access is denied. (0x5)
[0417/125509.623:ERROR:process_reader_win.cc(151)] SuspendThread: Access is denied. (0x5)
[0417/125509.623:ERROR:process_reader_win.cc(151)] SuspendThread: Access is denied. (0x5)
[0417/125509.623:ERROR:process_reader_win.cc(151)] SuspendThread: Access is denied. (0x5)
[0417/125509.623:ERROR:process_reader_win.cc(151)] SuspendThread: Access is denied. (0x5)
[0417/125509.623:ERROR:process_reader_win.cc(123)] NtOpenThread: {Access Denied} A process has requested access to an object, but has not been granted those access rights. (0xc0000022)
[0417/125509.624:ERROR:exception_snapshot_win.cc(98)] thread ID 6956 not found in process
[0417/125509.628:ERROR:process_reader_win.cc(151)] SuspendThread: Access is denied. (0x5)
[0417/125509.628:ERROR:process_reader_win.cc(151)] SuspendThread: Access is denied. (0x5)
[0417/125509.628:ERROR:process_reader_win.cc(151)] SuspendThread: Access is denied. (0x5)
[0417/125509.628:ERROR:process_reader_win.cc(151)] SuspendThread: Access is denied. (0x5)
[0417/125509.628:ERROR:process_reader_win.cc(151)] SuspendThread: Access is denied. (0x5)
[0417/125509.628:ERROR:process_reader_win.cc(151)] SuspendThread: Access is denied. (0x5)
[0417/125509.628:ERROR:process_reader_win.cc(151)] SuspendThread: Access is denied. (0x5)
[0417/125509.628:ERROR:process_reader_win.cc(151)] SuspendThread: Access is denied. (0x5)
[0417/125509.628:ERROR:process_reader_win.cc(151)] SuspendThread: Access is denied. (0x5)
[0417/125509.628:ERROR:process_reader_win.cc(151)] SuspendThread: Access is denied. (0x5)
[0417/125509.628:ERROR:process_reader_win.cc(151)] SuspendThread: Access is denied. (0x5)
[0417/125509.628:ERROR:process_reader_win.cc(151)] SuspendThread: Access is denied. (0x5)
[0417/125509.628:ERROR:process_reader_win.cc(151)] SuspendThread: Access is denied. (0x5)
[0417/125509.628:ERROR:process_reader_win.cc(123)] NtOpenThread: {Access Denied} A process has requested access to an object, but has not been granted those access rights. (0xc0000022)
[0417/125509.628:ERROR:exception_snapshot_win.cc(98)] thread ID 14064 not found in process
[0417/125509.646:ERROR:process_reader_win.cc(151)] SuspendThread: Access is denied. (0x5)
[0417/125509.646:ERROR:process_reader_win.cc(151)] SuspendThread: Access is denied. (0x5)
[0417/125509.646:ERROR:process_reader_win.cc(151)] SuspendThread: Access is denied. (0x5)
[0417/125509.646:ERROR:process_reader_win.cc(151)] SuspendThread: Access is denied. (0x5)
[0417/125509.646:ERROR:process_reader_win.cc(151)] SuspendThread: Access is denied. (0x5)
[0417/125509.646:ERROR:process_reader_win.cc(151)] SuspendThread: Access is denied. (0x5)
[0417/125509.646:ERROR:process_reader_win.cc(151)] SuspendThread: Access is denied. (0x5)
[0417/125509.646:ERROR:process_reader_win.cc(151)] SuspendThread: Access is denied. (0x5)
[0417/125509.646:ERROR:process_reader_win.cc(151)] SuspendThread: Access is denied. (0x5)
[0417/125509.646:ERROR:process_reader_win.cc(151)] SuspendThread: Access is denied. (0x5)
[0417/125509.646:ERROR:process_reader_win.cc(151)] SuspendThread: Access is denied. (0x5)
[0417/125509.647:ERROR:process_reader_win.cc(123)] NtOpenThread: {Access Denied} A process has requested access to an object, but has not been granted those access rights. (0xc0000022)
[0417/125509.647:ERROR:exception_snapshot_win.cc(98)] thread ID 9748 not found in process
[0417/125509.652:ERROR:process_reader_win.cc(151)] SuspendThread: Access is denied. (0x5)
[0417/125509.652:ERROR:process_reader_win.cc(151)] SuspendThread: Access is denied. (0x5)
[0417/125509.652:ERROR:process_reader_win.cc(151)] SuspendThread: Access is denied. (0x5)
[0417/125509.652:ERROR:process_reader_win.cc(151)] SuspendThread: Access is denied. (0x5)
[0417/125509.653:ERROR:process_reader_win.cc(151)] SuspendThread: Access is denied. (0x5)
[0417/125509.653:ERROR:process_reader_win.cc(151)] SuspendThread: Access is denied. (0x5)
[0417/125509.653:ERROR:process_reader_win.cc(151)] SuspendThread: Access is denied. (0x5)
[0417/125509.653:ERROR:process_reader_win.cc(151)] SuspendThread: Access is denied. (0x5)
[0417/125509.653:ERROR:process_reader_win.cc(151)] SuspendThread: Access is denied. (0x5)
[0417/125509.653:ERROR:process_reader_win.cc(151)] SuspendThread: Access is denied. (0x5)
[0417/125509.653:ERROR:process_reader_win.cc(123)] NtOpenThread: {Access Denied} A process has requested access to an object, but has not been granted those access rights. (0xc0000022)
[0417/125509.653:ERROR:exception_snapshot_win.cc(98)] thread ID 3668 not found in process
[0417/125509.658:ERROR:process_reader_win.cc(151)] SuspendThread: Access is denied. (0x5)
[0417/125509.658:ERROR:process_reader_win.cc(151)] SuspendThread: Access is denied. (0x5)
[0417/125509.658:ERROR:process_reader_win.cc(151)] SuspendThread: Access is denied. (0x5)
[0417/125509.658:ERROR:process_reader_win.cc(151)] SuspendThread: Access is denied. (0x5)
[0417/125509.658:ERROR:process_reader_win.cc(151)] SuspendThread: Access is denied. (0x5)
[0417/125509.658:ERROR:process_reader_win.cc(151)] SuspendThread: Access is denied. (0x5)
[0417/125509.658:ERROR:process_reader_win.cc(151)] SuspendThread: Access is denied. (0x5)
[0417/125509.658:ERROR:process_reader_win.cc(151)] SuspendThread: Access is denied. (0x5)
[0417/125509.658:ERROR:process_reader_win.cc(151)] SuspendThread: Access is denied. (0x5)
[0417/125509.658:ERROR:process_reader_win.cc(151)] SuspendThread: Access is denied. (0x5)
[0417/125509.658:ERROR:process_reader_win.cc(151)] SuspendThread: Access is denied. (0x5)
[0417/125509.658:ERROR:process_reader_win.cc(123)] NtOpenThread: {Access Denied} A process has requested access to an object, but has not been granted those access rights. (0xc0000022)
[0417/125509.658:ERROR:exception_snapshot_win.cc(98)] thread ID 12772 not found in process
[0417/125509.688:ERROR:process_reader_win.cc(151)] SuspendThread: Access is denied. (0x5)
[0417/125509.688:ERROR:process_reader_win.cc(151)] SuspendThread: Access is denied. (0x5)
[0417/125509.688:ERROR:process_reader_win.cc(151)] SuspendThread: Access is denied. (0x5)
[0417/125509.688:ERROR:process_reader_win.cc(151)] SuspendThread: Access is denied. (0x5)
[0417/125509.688:ERROR:process_reader_win.cc(151)] SuspendThread: Access is denied. (0x5)
[0417/125509.688:ERROR:process_reader_win.cc(151)] SuspendThread: Access is denied. (0x5)
[0417/125509.688:ERROR:process_reader_win.cc(151)] SuspendThread: Access is denied. (0x5)
[0417/125509.688:ERROR:process_reader_win.cc(151)] SuspendThread: Access is denied. (0x5)
[0417/125509.688:ERROR:process_reader_win.cc(151)] SuspendThread: Access is denied. (0x5)
[0417/125509.688:ERROR:process_reader_win.cc(151)] SuspendThread: Access is denied. (0x5)
[0417/125509.688:ERROR:process_reader_win.cc(151)] SuspendThread: Access is denied. (0x5)
[0417/125509.688:ERROR:process_reader_win.cc(151)] SuspendThread: Access is denied. (0x5)
[0417/125509.688:ERROR:process_reader_win.cc(151)] SuspendThread: Access is denied. (0x5)
[0417/125509.688:ERROR:process_reader_win.cc(151)] SuspendThread: Access is denied. (0x5)
[0417/125509.688:ERROR:process_reader_win.cc(151)] SuspendThread: Access is denied. (0x5)
[0417/125509.688:ERROR:process_reader_win.cc(151)] SuspendThread: Access is denied. (0x5)
[0417/125509.688:ERROR:process_reader_win.cc(151)] SuspendThread: Access is denied. (0x5)
[0417/125509.688:ERROR:process_reader_win.cc(123)] NtOpenThread: {Access Denied} A process has requested access to an object, but has not been granted those access rights. (0xc0000022)
[0417/125509.688:ERROR:exception_snapshot_win.cc(98)] thread ID 12800 not found in process
[0417/125509.713:ERROR:process_reader_win.cc(151)] SuspendThread: Access is denied. (0x5)
[0417/125509.713:ERROR:process_reader_win.cc(151)] SuspendThread: Access is denied. (0x5)
[0417/125509.713:ERROR:process_reader_win.cc(151)] SuspendThread: Access is denied. (0x5)
[0417/125509.713:ERROR:process_reader_win.cc(151)] SuspendThread: Access is denied. (0x5)
[0417/125509.713:ERROR:process_reader_win.cc(151)] SuspendThread: Access is denied. (0x5)
[0417/125509.713:ERROR:process_reader_win.cc(151)] SuspendThread: Access is denied. (0x5)
[0417/125509.713:ERROR:process_reader_win.cc(151)] SuspendThread: Access is denied. (0x5)
[0417/125509.713:ERROR:process_reader_win.cc(151)] SuspendThread: Access is denied. (0x5)
[0417/125509.713:ERROR:process_reader_win.cc(151)] SuspendThread: Access is denied. (0x5)
[0417/125509.713:ERROR:process_reader_win.cc(151)] SuspendThread: Access is denied. (0x5)
[0417/125509.713:ERROR:process_reader_win.cc(151)] SuspendThread: Access is denied. (0x5)
[0417/125509.713:ERROR:process_reader_win.cc(151)] SuspendThread: Access is denied. (0x5)
[0417/125509.713:ERROR:process_reader_win.cc(123)] NtOpenThread: {Access Denied} A process has requested access to an object, but has not been granted those access rights. (0xc0000022)
[0417/125509.713:ERROR:exception_snapshot_win.cc(98)] thread ID 7004 not found in process
[0504/095320.970:ERROR:crash_report_database_win.cc(469)] failed to stat report
[0504/095320.972:ERROR:crash_report_database_win.cc(469)] failed to stat report
[0505/082643.462:ERROR:crash_report_database_win.cc(469)] failed to stat report
[0505/082643.464:ERROR:crash_report_database_win.cc(469)] failed to stat report
[0505/112841.364:ERROR:crash_report_database_win.cc(469)] failed to stat report
[0505/112841.366:ERROR:crash_report_database_win.cc(469)] failed to stat report
[0505/132053.051:ERROR:crash_report_database_win.cc(469)] failed to stat report
[0505/132053.053:ERROR:crash_report_database_win.cc(469)] failed to stat report
[0506/071941.389:ERROR:crash_report_database_win.cc(469)] failed to stat report
[0506/071941.391:ERROR:crash_report_database_win.cc(469)] failed to stat report
[0508/113833.864:ERROR:crash_report_database_win.cc(469)] failed to stat report
[0508/113833.866:ERROR:crash_report_database_win.cc(469)] failed to stat report
[0509/145437.583:ERROR:crash_report_database_win.cc(469)] failed to stat report
[0509/145437.583:ERROR:crash_report_database_win.cc(469)] failed to stat report
[0509/150437.585:ERROR:crash_report_database_win.cc(469)] failed to stat report
[0509/150437.586:ERROR:crash_report_database_win.cc(469)] failed to stat report
[0509/150437.588:ERROR:crash_report_database_win.cc(469)] failed to stat report
[0509/150437.589:ERROR:crash_report_database_win.cc(469)] failed to stat report
[0509/150937.584:ERROR:crash_report_database_win.cc(469)] failed to stat report
[0509/150937.585:ERROR:crash_report_database_win.cc(469)] failed to stat report
[0509/152437.634:ERROR:crash_report_database_win.cc(469)] failed to stat report
[0509/152437.635:ERROR:crash_report_database_win.cc(469)] failed to stat report
[0509/153937.637:ERROR:crash_report_database_win.cc(469)] failed to stat report
[0509/153937.647:ERROR:crash_report_database_win.cc(469)] failed to stat report
[0509/155437.654:ERROR:crash_report_database_win.cc(469)] failed to stat report
[0509/155437.654:ERROR:crash_report_database_win.cc(469)] failed to stat report
[0512/092519.080:ERROR:crash_report_database_win.cc(469)] failed to stat report
[0512/092519.082:ERROR:crash_report_database_win.cc(469)] failed to stat report
[0512/093519.079:ERROR:crash_report_database_win.cc(469)] failed to stat report
[0512/093519.082:ERROR:crash_report_database_win.cc(469)] failed to stat report
[0512/093519.091:ERROR:crash_report_database_win.cc(469)] failed to stat report
[0512/093519.091:ERROR:crash_report_database_win.cc(469)] failed to stat report
[0512/094019.103:ERROR:crash_report_database_win.cc(469)] failed to stat report
[0512/094019.104:ERROR:crash_report_database_win.cc(469)] failed to stat report
[0512/095519.178:ERROR:crash_report_database_win.cc(469)] failed to stat report
[0512/095519.179:ERROR:crash_report_database_win.cc(469)] failed to stat report
[0512/101019.204:ERROR:crash_report_database_win.cc(469)] failed to stat report
[0512/101019.205:ERROR:crash_report_database_win.cc(469)] failed to stat report
[0512/102519.230:ERROR:crash_report_database_win.cc(469)] failed to stat report
[0512/102519.231:ERROR:crash_report_database_win.cc(469)] failed to stat report
[0512/104019.252:ERROR:crash_report_database_win.cc(469)] failed to stat report
[0512/104019.253:ERROR:crash_report_database_win.cc(469)] failed to stat report
[0512/105519.279:ERROR:crash_report_database_win.cc(469)] failed to stat report
[0512/105519.279:ERROR:crash_report_database_win.cc(469)] failed to stat report
[0512/111019.299:ERROR:crash_report_database_win.cc(469)] failed to stat report
[0512/111019.300:ERROR:crash_report_database_win.cc(469)] failed to stat report
[0512/112519.316:ERROR:crash_report_database_win.cc(469)] failed to stat report
[0512/112519.317:ERROR:crash_report_database_win.cc(469)] failed to stat report
[0512/114019.337:ERROR:crash_report_database_win.cc(469)] failed to stat report
[0512/114019.337:ERROR:crash_report_database_win.cc(469)] failed to stat report
[0512/115519.343:ERROR:crash_report_database_win.cc(469)] failed to stat report
[0512/115519.344:ERROR:crash_report_database_win.cc(469)] failed to stat report
[0512/121019.373:ERROR:crash_report_database_win.cc(469)] failed to stat report
[0512/121019.374:ERROR:crash_report_database_win.cc(469)] failed to stat report
[0512/122519.390:ERROR:crash_report_database_win.cc(469)] failed to stat report
[0512/122519.390:ERROR:crash_report_database_win.cc(469)] failed to stat report
[0512/124019.443:ERROR:crash_report_database_win.cc(469)] failed to stat report
[0512/124019.445:ERROR:crash_report_database_win.cc(469)] failed to stat report
[0512/125519.467:ERROR:crash_report_database_win.cc(469)] failed to stat report
[0512/125519.468:ERROR:crash_report_database_win.cc(469)] failed to stat report
[0512/131019.488:ERROR:crash_report_database_win.cc(469)] failed to stat report
[0512/131019.489:ERROR:crash_report_database_win.cc(469)] failed to stat report
[0512/132519.547:ERROR:crash_report_database_win.cc(469)] failed to stat report
[0512/132519.548:ERROR:crash_report_database_win.cc(469)] failed to stat report
[0512/134019.559:ERROR:crash_report_database_win.cc(469)] failed to stat report
[0512/134019.560:ERROR:crash_report_database_win.cc(469)] failed to stat report
[0512/135519.567:ERROR:crash_report_database_win.cc(469)] failed to stat report
[0512/135519.567:ERROR:crash_report_database_win.cc(469)] failed to stat report
[0512/141019.792:ERROR:crash_report_database_win.cc(469)] failed to stat report
[0512/141019.792:ERROR:crash_report_database_win.cc(469)] failed to stat report
[0528/103811.863:ERROR:crash_report_database_win.cc(469)] failed to stat report
[0528/103811.865:ERROR:crash_report_database_win.cc(469)] failed to stat report
[0528/103811.866:ERROR:crash_report_database_win.cc(469)] failed to stat report
[0601/110431.649:ERROR:crash_report_database_win.cc(469)] failed to stat report
[0601/110431.652:ERROR:crash_report_database_win.cc(469)] failed to stat report
[0601/110431.653:ERROR:crash_report_database_win.cc(469)] failed to stat report
[0603/092718.532:ERROR:crash_report_database_win.cc(469)] failed to stat report
[0603/092718.537:ERROR:crash_report_database_win.cc(469)] failed to stat report
[0603/092718.538:ERROR:crash_report_database_win.cc(469)] failed to stat report
[0603/154242.234:ERROR:crash_report_database_win.cc(469)] failed to stat report
[0603/154242.236:ERROR:crash_report_database_win.cc(469)] failed to stat report
[0603/154242.237:ERROR:crash_report_database_win.cc(469)] failed to stat report
[0603/163704.519:ERROR:crash_report_database_win.cc(469)] failed to stat report
[0603/163704.522:ERROR:crash_report_database_win.cc(469)] failed to stat report
[0603/163704.523:ERROR:crash_report_database_win.cc(469)] failed to stat report
[0605/101854.548:ERROR:crash_report_database_win.cc(469)] failed to stat report
[0605/101854.550:ERROR:crash_report_database_win.cc(469)] failed to stat report
[0605/101854.551:ERROR:crash_report_database_win.cc(469)] failed to stat report
[0615/100006.878:ERROR:crash_report_database_win.cc(469)] failed to stat report
[0615/100006.881:ERROR:crash_report_database_win.cc(469)] failed to stat report
[0615/100006.882:ERROR:crash_report_database_win.cc(469)] failed to stat report
[0617/104425.898:ERROR:crash_report_database_win.cc(469)] failed to stat report
[0617/104425.901:ERROR:crash_report_database_win.cc(469)] failed to stat report
[0617/104425.902:ERROR:crash_report_database_win.cc(469)] failed to stat report
[0617/105425.596:ERROR:crash_report_database_win.cc(469)] failed to stat report
[0617/105425.597:ERROR:crash_report_database_win.cc(469)] failed to stat report
[0617/105425.597:ERROR:crash_report_database_win.cc(469)] failed to stat report
[0617/105425.598:ERROR:crash_report_database_win.cc(469)] failed to stat report
[0617/105425.599:ERROR:crash_report_database_win.cc(469)] failed to stat report
[0617/105425.599:ERROR:crash_report_database_win.cc(469)] failed to stat report
[0617/105925.633:ERROR:crash_report_database_win.cc(469)] failed to stat report
[0617/105925.634:ERROR:crash_report_database_win.cc(469)] failed to stat report
[0617/105925.634:ERROR:crash_report_database_win.cc(469)] failed to stat report
[0617/111425.668:ERROR:crash_report_database_win.cc(469)] failed to stat report
[0617/111425.669:ERROR:crash_report_database_win.cc(469)] failed to stat report
[0617/111425.669:ERROR:crash_report_database_win.cc(469)] failed to stat report
[0617/112925.699:ERROR:crash_report_database_win.cc(469)] failed to stat report
[0617/112925.699:ERROR:crash_report_database_win.cc(469)] failed to stat report
[0617/112925.700:ERROR:crash_report_database_win.cc(469)] failed to stat report
[0617/114425.731:ERROR:crash_report_database_win.cc(469)] failed to stat report
[0617/114425.732:ERROR:crash_report_database_win.cc(469)] failed to stat report
[0617/114425.732:ERROR:crash_report_database_win.cc(469)] failed to stat report
[0617/115925.752:ERROR:crash_report_database_win.cc(469)] failed to stat report
[0617/115925.752:ERROR:crash_report_database_win.cc(469)] failed to stat report
[0617/115925.753:ERROR:crash_report_database_win.cc(469)] failed to stat report
[0617/121425.775:ERROR:crash_report_database_win.cc(469)] failed to stat report
[0617/121425.776:ERROR:crash_report_database_win.cc(469)] failed to stat report
[0617/121425.776:ERROR:crash_report_database_win.cc(469)] failed to stat report
[0617/122925.798:ERROR:crash_report_database_win.cc(469)] failed to stat report
[0617/122925.798:ERROR:crash_report_database_win.cc(469)] failed to stat report
[0617/122925.799:ERROR:crash_report_database_win.cc(469)] failed to stat report
[0617/124425.825:ERROR:crash_report_database_win.cc(469)] failed to stat report
[0617/124425.826:ERROR:crash_report_database_win.cc(469)] failed to stat report
[0617/124425.826:ERROR:crash_report_database_win.cc(469)] failed to stat report
[0617/125925.861:ERROR:crash_report_database_win.cc(469)] failed to stat report
[0617/125925.861:ERROR:crash_report_database_win.cc(469)] failed to stat report
[0617/125925.862:ERROR:crash_report_database_win.cc(469)] failed to stat report
[0617/131425.889:ERROR:crash_report_database_win.cc(469)] failed to stat report
[0617/131425.890:ERROR:crash_report_database_win.cc(469)] failed to stat report
[0617/131425.891:ERROR:crash_report_database_win.cc(469)] failed to stat report
[0617/132925.919:ERROR:crash_report_database_win.cc(469)] failed to stat report
[0617/132925.920:ERROR:crash_report_database_win.cc(469)] failed to stat report
[0617/132925.920:ERROR:crash_report_database_win.cc(469)] failed to stat report
[0617/134425.938:ERROR:crash_report_database_win.cc(469)] failed to stat report
[0617/134425.938:ERROR:crash_report_database_win.cc(469)] failed to stat report
[0617/134425.939:ERROR:crash_report_database_win.cc(469)] failed to stat report
[0617/135925.961:ERROR:crash_report_database_win.cc(469)] failed to stat report
[0617/135925.961:ERROR:crash_report_database_win.cc(469)] failed to stat report
[0617/135925.962:ERROR:crash_report_database_win.cc(469)] failed to stat report
[0617/141425.991:ERROR:crash_report_database_win.cc(469)] failed to stat report
[0617/141425.991:ERROR:crash_report_database_win.cc(469)] failed to stat report
[0617/141425.992:ERROR:crash_report_database_win.cc(469)] failed to stat report
[0617/142926.017:ERROR:crash_report_database_win.cc(469)] failed to stat report
[0617/142926.017:ERROR:crash_report_database_win.cc(469)] failed to stat report
[0617/142926.018:ERROR:crash_report_database_win.cc(469)] failed to stat report
[0617/144426.054:ERROR:crash_report_database_win.cc(469)] failed to stat report
[0617/144426.054:ERROR:crash_report_database_win.cc(469)] failed to stat report
[0617/144426.055:ERROR:crash_report_database_win.cc(469)] failed to stat report
[0617/145926.080:ERROR:crash_report_database_win.cc(469)] failed to stat report
[0617/145926.081:ERROR:crash_report_database_win.cc(469)] failed to stat report
[0617/145926.081:ERROR:crash_report_database_win.cc(469)] failed to stat report
[0617/151426.123:ERROR:crash_report_database_win.cc(469)] failed to stat report
[0617/151426.123:ERROR:crash_report_database_win.cc(469)] failed to stat report
[0617/151426.124:ERROR:crash_report_database_win.cc(469)] failed to stat report
[0617/152926.142:ERROR:crash_report_database_win.cc(469)] failed to stat report
[0617/152926.142:ERROR:crash_report_database_win.cc(469)] failed to stat report
[0617/152926.143:ERROR:crash_report_database_win.cc(469)] failed to stat report
[0617/154426.162:ERROR:crash_report_database_win.cc(469)] failed to stat report
[0617/154426.162:ERROR:crash_report_database_win.cc(469)] failed to stat report
[0617/154426.163:ERROR:crash_report_database_win.cc(469)] failed to stat report
[0617/155926.169:ERROR:crash_report_database_win.cc(469)] failed to stat report
[0617/155926.169:ERROR:crash_report_database_win.cc(469)] failed to stat report
[0617/155926.170:ERROR:crash_report_database_win.cc(469)] failed to stat report
[0617/161426.195:ERROR:crash_report_database_win.cc(469)] failed to stat report
[0617/161426.195:ERROR:crash_report_database_win.cc(469)] failed to stat report
[0617/161426.196:ERROR:crash_report_database_win.cc(469)] failed to stat report
[0617/162926.260:ERROR:crash_report_database_win.cc(469)] failed to stat report
[0617/162926.260:ERROR:crash_report_database_win.cc(469)] failed to stat report
[0617/162926.261:ERROR:crash_report_database_win.cc(469)] failed to stat report
[0617/164426.284:ERROR:crash_report_database_win.cc(469)] failed to stat report
[0617/164426.284:ERROR:crash_report_database_win.cc(469)] failed to stat report
[0617/164426.285:ERROR:crash_report_database_win.cc(469)] failed to stat report
[0617/165926.293:ERROR:crash_report_database_win.cc(469)] failed to stat report
[0617/165926.293:ERROR:crash_report_database_win.cc(469)] failed to stat report
[0617/165926.294:ERROR:crash_report_database_win.cc(469)] failed to stat report
[0617/171426.305:ERROR:crash_report_database_win.cc(469)] failed to stat report
[0617/171426.305:ERROR:crash_report_database_win.cc(469)] failed to stat report
[0617/171426.306:ERROR:crash_report_database_win.cc(469)] failed to stat report
[0617/172926.368:ERROR:crash_report_database_win.cc(469)] failed to stat report
[0617/172926.368:ERROR:crash_report_database_win.cc(469)] failed to stat report
[0617/172926.369:ERROR:crash_report_database_win.cc(469)] failed to stat report
[0617/174426.414:ERROR:crash_report_database_win.cc(469)] failed to stat report
[0617/174426.414:ERROR:crash_report_database_win.cc(469)] failed to stat report
[0617/174426.415:ERROR:crash_report_database_win.cc(469)] failed to stat report
[0617/175926.437:ERROR:crash_report_database_win.cc(469)] failed to stat report
[0617/175926.437:ERROR:crash_report_database_win.cc(469)] failed to stat report
[0617/175926.438:ERROR:crash_report_database_win.cc(469)] failed to stat report
[0617/181426.456:ERROR:crash_report_database_win.cc(469)] failed to stat report
[0617/181426.457:ERROR:crash_report_database_win.cc(469)] failed to stat report
[0617/181426.457:ERROR:crash_report_database_win.cc(469)] failed to stat report
[0617/182926.472:ERROR:crash_report_database_win.cc(469)] failed to stat report
[0617/182926.474:ERROR:crash_report_database_win.cc(469)] failed to stat report
[0617/182926.475:ERROR:crash_report_database_win.cc(469)] failed to stat report
[0617/184426.516:ERROR:crash_report_database_win.cc(469)] failed to stat report
[0617/184426.517:ERROR:crash_report_database_win.cc(469)] failed to stat report
[0617/184426.517:ERROR:crash_report_database_win.cc(469)] failed to stat report
[0617/185926.539:ERROR:crash_report_database_win.cc(469)] failed to stat report
[0617/185926.540:ERROR:crash_report_database_win.cc(469)] failed to stat report
[0617/185926.540:ERROR:crash_report_database_win.cc(469)] failed to stat report
[0617/191426.559:ERROR:crash_report_database_win.cc(469)] failed to stat report
[0617/191426.560:ERROR:crash_report_database_win.cc(469)] failed to stat report
[0617/191426.561:ERROR:crash_report_database_win.cc(469)] failed to stat report
[0617/192926.582:ERROR:crash_report_database_win.cc(469)] failed to stat report
[0617/192926.583:ERROR:crash_report_database_win.cc(469)] failed to stat report
[0617/192926.583:ERROR:crash_report_database_win.cc(469)] failed to stat report
[0617/194426.617:ERROR:crash_report_database_win.cc(469)] failed to stat report
[0617/194426.617:ERROR:crash_report_database_win.cc(469)] failed to stat report
[0617/194426.618:ERROR:crash_report_database_win.cc(469)] failed to stat report
[0617/195926.651:ERROR:crash_report_database_win.cc(469)] failed to stat report
[0617/195926.651:ERROR:crash_report_database_win.cc(469)] failed to stat report
[0617/195926.652:ERROR:crash_report_database_win.cc(469)] failed to stat report
[0617/201426.681:ERROR:crash_report_database_win.cc(469)] failed to stat report
[0617/201426.681:ERROR:crash_report_database_win.cc(469)] failed to stat report
[0617/201426.682:ERROR:crash_report_database_win.cc(469)] failed to stat report
[0617/202926.698:ERROR:crash_report_database_win.cc(469)] failed to stat report
[0617/202926.698:ERROR:crash_report_database_win.cc(469)] failed to stat report
[0617/202926.699:ERROR:crash_report_database_win.cc(469)] failed to stat report
[0617/204426.722:ERROR:crash_report_database_win.cc(469)] failed to stat report
[0617/204426.723:ERROR:crash_report_database_win.cc(469)] failed to stat report
[0617/204426.723:ERROR:crash_report_database_win.cc(469)] failed to stat report
[0617/205926.774:ERROR:crash_report_database_win.cc(469)] failed to stat report
[0617/205926.774:ERROR:crash_report_database_win.cc(469)] failed to stat report
[0617/205926.775:ERROR:crash_report_database_win.cc(469)] failed to stat report
[0617/211426.817:ERROR:crash_report_database_win.cc(469)] failed to stat report
[0617/211426.817:ERROR:crash_report_database_win.cc(469)] failed to stat report
[0617/211426.818:ERROR:crash_report_database_win.cc(469)] failed to stat report
[0617/212926.837:ERROR:crash_report_database_win.cc(469)] failed to stat report
[0617/212926.837:ERROR:crash_report_database_win.cc(469)] failed to stat report
[0617/212926.838:ERROR:crash_report_database_win.cc(469)] failed to stat report
[0617/214426.853:ERROR:crash_report_database_win.cc(469)] failed to stat report
[0617/214426.853:ERROR:crash_report_database_win.cc(469)] failed to stat report
[0617/214426.854:ERROR:crash_report_database_win.cc(469)] failed to stat report
[0617/215926.867:ERROR:crash_report_database_win.cc(469)] failed to stat report
[0617/215926.868:ERROR:crash_report_database_win.cc(469)] failed to stat report
[0617/215926.868:ERROR:crash_report_database_win.cc(469)] failed to stat report
[0617/221426.877:ERROR:crash_report_database_win.cc(469)] failed to stat report
[0617/221426.877:ERROR:crash_report_database_win.cc(469)] failed to stat report
[0617/221426.878:ERROR:crash_report_database_win.cc(469)] failed to stat report
[0617/222926.894:ERROR:crash_report_database_win.cc(469)] failed to stat report
[0617/222926.895:ERROR:crash_report_database_win.cc(469)] failed to stat report
[0617/222926.895:ERROR:crash_report_database_win.cc(469)] failed to stat report
[0617/224426.910:ERROR:crash_report_database_win.cc(469)] failed to stat report
[0617/224426.910:ERROR:crash_report_database_win.cc(469)] failed to stat report
[0617/224426.911:ERROR:crash_report_database_win.cc(469)] failed to stat report
[0617/225926.925:ERROR:crash_report_database_win.cc(469)] failed to stat report
[0617/225926.926:ERROR:crash_report_database_win.cc(469)] failed to stat report
[0617/225926.926:ERROR:crash_report_database_win.cc(469)] failed to stat report
[0617/231427.004:ERROR:crash_report_database_win.cc(469)] failed to stat report
[0617/231427.004:ERROR:crash_report_database_win.cc(469)] failed to stat report
[0617/231427.005:ERROR:crash_report_database_win.cc(469)] failed to stat report
[0617/232927.052:ERROR:crash_report_database_win.cc(469)] failed to stat report
[0617/232927.052:ERROR:crash_report_database_win.cc(469)] failed to stat report
[0617/232927.053:ERROR:crash_report_database_win.cc(469)] failed to stat report
[0617/234427.089:ERROR:crash_report_database_win.cc(469)] failed to stat report
[0617/234427.089:ERROR:crash_report_database_win.cc(469)] failed to stat report
[0617/234427.090:ERROR:crash_report_database_win.cc(469)] failed to stat report
[0617/235927.118:ERROR:crash_report_database_win.cc(469)] failed to stat report
[0617/235927.118:ERROR:crash_report_database_win.cc(469)] failed to stat report
[0617/235927.119:ERROR:crash_report_database_win.cc(469)] failed to stat report
[0618/001427.140:ERROR:crash_report_database_win.cc(469)] failed to stat report
[0618/001427.140:ERROR:crash_report_database_win.cc(469)] failed to stat report
[0618/001427.141:ERROR:crash_report_database_win.cc(469)] failed to stat report
[0618/002927.153:ERROR:crash_report_database_win.cc(469)] failed to stat report
[0618/002927.153:ERROR:crash_report_database_win.cc(469)] failed to stat report
[0618/002927.154:ERROR:crash_report_database_win.cc(469)] failed to stat report
[0618/004427.167:ERROR:crash_report_database_win.cc(469)] failed to stat report
[0618/004427.168:ERROR:crash_report_database_win.cc(469)] failed to stat report
[0618/004427.168:ERROR:crash_report_database_win.cc(469)] failed to stat report
[0618/005927.177:ERROR:crash_report_database_win.cc(469)] failed to stat report
[0618/005927.177:ERROR:crash_report_database_win.cc(469)] failed to stat report
[0618/005927.178:ERROR:crash_report_database_win.cc(469)] failed to stat report
[0618/011427.184:ERROR:crash_report_database_win.cc(469)] failed to stat report
[0618/011427.184:ERROR:crash_report_database_win.cc(469)] failed to stat report
[0618/011427.185:ERROR:crash_report_database_win.cc(469)] failed to stat report
[0618/012927.258:ERROR:crash_report_database_win.cc(469)] failed to stat report
[0618/012927.258:ERROR:crash_report_database_win.cc(469)] failed to stat report
[0618/012927.259:ERROR:crash_report_database_win.cc(469)] failed to stat report
[0618/014427.316:ERROR:crash_report_database_win.cc(469)] failed to stat report
[0618/014427.316:ERROR:crash_report_database_win.cc(469)] failed to stat report
[0618/014427.317:ERROR:crash_report_database_win.cc(469)] failed to stat report
[0618/015927.357:ERROR:crash_report_database_win.cc(469)] failed to stat report
[0618/015927.357:ERROR:crash_report_database_win.cc(469)] failed to stat report
[0618/015927.358:ERROR:crash_report_database_win.cc(469)] failed to stat report
[0618/021427.383:ERROR:crash_report_database_win.cc(469)] failed to stat report
[0618/021427.383:ERROR:crash_report_database_win.cc(469)] failed to stat report
[0618/021427.384:ERROR:crash_report_database_win.cc(469)] failed to stat report
[0618/022927.402:ERROR:crash_report_database_win.cc(469)] failed to stat report
[0618/022927.402:ERROR:crash_report_database_win.cc(469)] failed to stat report
[0618/022927.403:ERROR:crash_report_database_win.cc(469)] failed to stat report
[0618/024427.412:ERROR:crash_report_database_win.cc(469)] failed to stat report
[0618/024427.413:ERROR:crash_report_database_win.cc(469)] failed to stat report
[0618/024427.414:ERROR:crash_report_database_win.cc(469)] failed to stat report
[0618/025927.433:ERROR:crash_report_database_win.cc(469)] failed to stat report
[0618/025927.433:ERROR:crash_report_database_win.cc(469)] failed to stat report
[0618/025927.434:ERROR:crash_report_database_win.cc(469)] failed to stat report
[0618/031427.453:ERROR:crash_report_database_win.cc(469)] failed to stat report
[0618/031427.454:ERROR:crash_report_database_win.cc(469)] failed to stat report
[0618/031427.454:ERROR:crash_report_database_win.cc(469)] failed to stat report
[0618/032927.458:ERROR:crash_report_database_win.cc(469)] failed to stat report
[0618/032927.458:ERROR:crash_report_database_win.cc(469)] failed to stat report
[0618/032927.459:ERROR:crash_report_database_win.cc(469)] failed to stat report
[0618/034427.488:ERROR:crash_report_database_win.cc(469)] failed to stat report
[0618/034427.489:ERROR:crash_report_database_win.cc(469)] failed to stat report
[0618/034427.489:ERROR:crash_report_database_win.cc(469)] failed to stat report
[0618/035927.531:ERROR:crash_report_database_win.cc(469)] failed to stat report
[0618/035927.531:ERROR:crash_report_database_win.cc(469)] failed to stat report
[0618/035927.532:ERROR:crash_report_database_win.cc(469)] failed to stat report
[0618/041427.571:ERROR:crash_report_database_win.cc(469)] failed to stat report
[0618/041427.572:ERROR:crash_report_database_win.cc(469)] failed to stat report
[0618/041427.572:ERROR:crash_report_database_win.cc(469)] failed to stat report
[0618/042927.598:ERROR:crash_report_database_win.cc(469)] failed to stat report
[0618/042927.598:ERROR:crash_report_database_win.cc(469)] failed to stat report
[0618/042927.599:ERROR:crash_report_database_win.cc(469)] failed to stat report
[0618/044427.617:ERROR:crash_report_database_win.cc(469)] failed to stat report
[0618/044427.618:ERROR:crash_report_database_win.cc(469)] failed to stat report
[0618/044427.618:ERROR:crash_report_database_win.cc(469)] failed to stat report
[0618/045927.642:ERROR:crash_report_database_win.cc(469)] failed to stat report
[0618/045927.642:ERROR:crash_report_database_win.cc(469)] failed to stat report
[0618/045927.643:ERROR:crash_report_database_win.cc(469)] failed to stat report
[0618/051427.662:ERROR:crash_report_database_win.cc(469)] failed to stat report
[0618/051427.663:ERROR:crash_report_database_win.cc(469)] failed to stat report
[0618/051427.664:ERROR:crash_report_database_win.cc(469)] failed to stat report
[0618/052927.680:ERROR:crash_report_database_win.cc(469)] failed to stat report
[0618/052927.680:ERROR:crash_report_database_win.cc(469)] failed to stat report
[0618/052927.681:ERROR:crash_report_database_win.cc(469)] failed to stat report
[0618/054427.695:ERROR:crash_report_database_win.cc(469)] failed to stat report
[0618/054427.695:ERROR:crash_report_database_win.cc(469)] failed to stat report
[0618/054427.696:ERROR:crash_report_database_win.cc(469)] failed to stat report
[0618/055927.729:ERROR:crash_report_database_win.cc(469)] failed to stat report
[0618/055927.729:ERROR:crash_report_database_win.cc(469)] failed to stat report
[0618/055927.730:ERROR:crash_report_database_win.cc(469)] failed to stat report
[0618/061427.768:ERROR:crash_report_database_win.cc(469)] failed to stat report
[0618/061427.769:ERROR:crash_report_database_win.cc(469)] failed to stat report
[0618/061427.769:ERROR:crash_report_database_win.cc(469)] failed to stat report
[0618/062927.807:ERROR:crash_report_database_win.cc(469)] failed to stat report
[0618/062927.807:ERROR:crash_report_database_win.cc(469)] failed to stat report
[0618/062927.808:ERROR:crash_report_database_win.cc(469)] failed to stat report
[0618/064427.840:ERROR:crash_report_database_win.cc(469)] failed to stat report
[0618/064427.840:ERROR:crash_report_database_win.cc(469)] failed to stat report
[0618/064427.841:ERROR:crash_report_database_win.cc(469)] failed to stat report
[0618/065927.874:ERROR:crash_report_database_win.cc(469)] failed to stat report
[0618/065927.874:ERROR:crash_report_database_win.cc(469)] failed to stat report
[0618/065927.875:ERROR:crash_report_database_win.cc(469)] failed to stat report
[0618/071427.897:ERROR:crash_report_database_win.cc(469)] failed to stat report
[0618/071427.897:ERROR:crash_report_database_win.cc(469)] failed to stat report
[0618/071427.898:ERROR:crash_report_database_win.cc(469)] failed to stat report
[0618/072927.922:ERROR:crash_report_database_win.cc(469)] failed to stat report
[0618/072927.922:ERROR:crash_report_database_win.cc(469)] failed to stat report
[0618/072927.923:ERROR:crash_report_database_win.cc(469)] failed to stat report
[0618/074427.948:ERROR:crash_report_database_win.cc(469)] failed to stat report
[0618/074427.955:ERROR:crash_report_database_win.cc(469)] failed to stat report
[0618/074427.956:ERROR:crash_report_database_win.cc(469)] failed to stat report
[0618/075927.969:ERROR:crash_report_database_win.cc(469)] failed to stat report
[0618/075927.969:ERROR:crash_report_database_win.cc(469)] failed to stat report
[0618/075927.970:ERROR:crash_report_database_win.cc(469)] failed to stat report
[0618/081428.001:ERROR:crash_report_database_win.cc(469)] failed to stat report
[0618/081428.001:ERROR:crash_report_database_win.cc(469)] failed to stat report
[0618/081428.002:ERROR:crash_report_database_win.cc(469)] failed to stat report
[0618/082928.054:ERROR:crash_report_database_win.cc(469)] failed to stat report
[0618/082928.054:ERROR:crash_report_database_win.cc(469)] failed to stat report
[0618/082928.055:ERROR:crash_report_database_win.cc(469)] failed to stat report
[0618/084428.099:ERROR:crash_report_database_win.cc(469)] failed to stat report
[0618/084428.100:ERROR:crash_report_database_win.cc(469)] failed to stat report
[0618/084428.101:ERROR:crash_report_database_win.cc(469)] failed to stat report
[0618/085928.134:ERROR:crash_report_database_win.cc(469)] failed to stat report
[0618/085928.134:ERROR:crash_report_database_win.cc(469)] failed to stat report
[0618/085928.135:ERROR:crash_report_database_win.cc(469)] failed to stat report
[0618/091428.160:ERROR:crash_report_database_win.cc(469)] failed to stat report
[0618/091428.160:ERROR:crash_report_database_win.cc(469)] failed to stat report
[0618/091428.161:ERROR:crash_report_database_win.cc(469)] failed to stat report
[0618/092928.185:ERROR:crash_report_database_win.cc(469)] failed to stat report
[0618/092928.185:ERROR:crash_report_database_win.cc(469)] failed to stat report
[0618/092928.186:ERROR:crash_report_database_win.cc(469)] failed to stat report
[0618/094428.201:ERROR:crash_report_database_win.cc(469)] failed to stat report
[0618/094428.202:ERROR:crash_report_database_win.cc(469)] failed to stat report
[0618/094428.202:ERROR:crash_report_database_win.cc(469)] failed to stat report
[0618/095928.215:ERROR:crash_report_database_win.cc(469)] failed to stat report
[0618/095928.216:ERROR:crash_report_database_win.cc(469)] failed to stat report
[0618/095928.216:ERROR:crash_report_database_win.cc(469)] failed to stat report
[0618/101428.239:ERROR:crash_report_database_win.cc(469)] failed to stat report
[0618/101428.239:ERROR:crash_report_database_win.cc(469)] failed to stat report
[0618/101428.240:ERROR:crash_report_database_win.cc(469)] failed to stat report
[0618/102928.252:ERROR:crash_report_database_win.cc(469)] failed to stat report
[0618/102928.252:ERROR:crash_report_database_win.cc(469)] failed to stat report
[0618/102928.253:ERROR:crash_report_database_win.cc(469)] failed to stat report
[0618/104428.273:ERROR:crash_report_database_win.cc(469)] failed to stat report
[0618/104428.273:ERROR:crash_report_database_win.cc(469)] failed to stat report
[0618/104428.274:ERROR:crash_report_database_win.cc(469)] failed to stat report
[0619/112015.365:ERROR:crash_report_database_win.cc(469)] failed to stat report
[0619/112015.371:ERROR:crash_report_database_win.cc(469)] failed to stat report
[0619/112015.372:ERROR:crash_report_database_win.cc(469)] failed to stat report
[0622/091003.523:ERROR:crash_report_database_win.cc(469)] failed to stat report
[0622/091003.526:ERROR:crash_report_database_win.cc(469)] failed to stat report
[0622/091003.526:ERROR:crash_report_database_win.cc(469)] failed to stat report
[0624/201106.530:ERROR:crash_report_database_win.cc(469)] failed to stat report
[0624/201106.534:ERROR:crash_report_database_win.cc(469)] failed to stat report
[0624/201106.534:ERROR:crash_report_database_win.cc(469)] failed to stat report
[0625/103331.068:ERROR:crash_report_database_win.cc(469)] failed to stat report
[0625/103331.070:ERROR:crash_report_database_win.cc(469)] failed to stat report
[0625/103331.071:ERROR:crash_report_database_win.cc(469)] failed to stat report
[0626/101635.010:ERROR:crash_report_database_win.cc(469)] failed to stat report
[0626/101635.031:ERROR:crash_report_database_win.cc(469)] failed to stat report
[0626/101635.032:ERROR:crash_report_database_win.cc(469)] failed to stat report
[0629/094004.103:ERROR:crash_report_database_win.cc(469)] failed to stat report
[0629/094004.105:ERROR:crash_report_database_win.cc(469)] failed to stat report
[0629/094004.106:ERROR:crash_report_database_win.cc(469)] failed to stat report
[0630/115944.879:ERROR:crash_report_database_win.cc(469)] failed to stat report
[0630/115944.881:ERROR:crash_report_database_win.cc(469)] failed to stat report
[0630/115944.882:ERROR:crash_report_database_win.cc(469)] failed to stat report
[0704/061603.025:ERROR:crash_report_database_win.cc(469)] failed to stat report
[0704/061603.029:ERROR:crash_report_database_win.cc(469)] failed to stat report
[0704/061603.031:ERROR:crash_report_database_win.cc(469)] failed to stat report
[0709/172940.552:ERROR:crash_report_database_win.cc(469)] failed to stat report
[0709/172940.557:ERROR:crash_report_database_win.cc(469)] failed to stat report
[0709/172940.558:ERROR:crash_report_database_win.cc(469)] failed to stat report
[0710/141539.640:ERROR:crash_report_database_win.cc(469)] failed to stat report
[0710/141539.645:ERROR:crash_report_database_win.cc(469)] failed to stat report
[0710/141539.646:ERROR:crash_report_database_win.cc(469)] failed to stat report
[0711/142724.302:ERROR:crash_report_database_win.cc(469)] failed to stat report
[0711/142724.305:ERROR:crash_report_database_win.cc(469)] failed to stat report
[0711/142724.306:ERROR:crash_report_database_win.cc(469)] failed to stat report
[0711/143724.296:ERROR:crash_report_database_win.cc(469)] failed to stat report
[0711/143724.296:ERROR:crash_report_database_win.cc(469)] failed to stat report
[0711/143724.297:ERROR:crash_report_database_win.cc(469)] failed to stat report
[0711/143724.299:ERROR:crash_report_database_win.cc(469)] failed to stat report
[0711/143724.300:ERROR:crash_report_database_win.cc(469)] failed to stat report
[0711/143724.300:ERROR:crash_report_database_win.cc(469)] failed to stat report
[0711/144224.354:ERROR:crash_report_database_win.cc(469)] failed to stat report
[0711/144224.354:ERROR:crash_report_database_win.cc(469)] failed to stat report
[0711/144224.355:ERROR:crash_report_database_win.cc(469)] failed to stat report
[0711/145724.365:ERROR:crash_report_database_win.cc(469)] failed to stat report
[0711/145724.366:ERROR:crash_report_database_win.cc(469)] failed to stat report
[0711/145724.366:ERROR:crash_report_database_win.cc(469)] failed to stat report
[0711/151224.380:ERROR:crash_report_database_win.cc(469)] failed to stat report
[0711/151224.381:ERROR:crash_report_database_win.cc(469)] failed to stat report
[0711/151224.381:ERROR:crash_report_database_win.cc(469)] failed to stat report
[0711/152724.397:ERROR:crash_report_database_win.cc(469)] failed to stat report
[0711/152724.397:ERROR:crash_report_database_win.cc(469)] failed to stat report
[0711/152724.398:ERROR:crash_report_database_win.cc(469)] failed to stat report
[0711/154224.416:ERROR:crash_report_database_win.cc(469)] failed to stat report
[0711/154224.417:ERROR:crash_report_database_win.cc(469)] failed to stat report
[0711/154224.417:ERROR:crash_report_database_win.cc(469)] failed to stat report
[0711/155724.421:ERROR:crash_report_database_win.cc(469)] failed to stat report
[0711/155724.422:ERROR:crash_report_database_win.cc(469)] failed to stat report
[0711/155724.422:ERROR:crash_report_database_win.cc(469)] failed to stat report
[0711/161224.431:ERROR:crash_report_database_win.cc(469)] failed to stat report
[0711/161224.431:ERROR:crash_report_database_win.cc(469)] failed to stat report
[0711/161224.432:ERROR:crash_report_database_win.cc(469)] failed to stat report
[0711/162724.450:ERROR:crash_report_database_win.cc(469)] failed to stat report
[0711/162724.451:ERROR:crash_report_database_win.cc(469)] failed to stat report
[0711/162724.451:ERROR:crash_report_database_win.cc(469)] failed to stat report
[0711/164224.464:ERROR:crash_report_database_win.cc(469)] failed to stat report
[0711/164224.465:ERROR:crash_report_database_win.cc(469)] failed to stat report
[0711/164224.465:ERROR:crash_report_database_win.cc(469)] failed to stat report
[0711/165724.477:ERROR:crash_report_database_win.cc(469)] failed to stat report
[0711/165724.477:ERROR:crash_report_database_win.cc(469)] failed to stat report
[0711/165724.478:ERROR:crash_report_database_win.cc(469)] failed to stat report
[0711/171224.497:ERROR:crash_report_database_win.cc(469)] failed to stat report
[0711/171224.498:ERROR:crash_report_database_win.cc(469)] failed to stat report
[0711/171224.499:ERROR:crash_report_database_win.cc(469)] failed to stat report
[0711/172724.514:ERROR:crash_report_database_win.cc(469)] failed to stat report
[0711/172724.514:ERROR:crash_report_database_win.cc(469)] failed to stat report
[0711/172724.515:ERROR:crash_report_database_win.cc(469)] failed to stat report
[0711/173528.744:ERROR:crash_report_database_win.cc(469)] failed to stat report
[0711/173528.747:ERROR:crash_report_database_win.cc(469)] failed to stat report
[0711/173528.748:ERROR:crash_report_database_win.cc(469)] failed to stat report
[0711/174224.535:ERROR:crash_report_database_win.cc(469)] failed to stat report
[0711/174224.537:ERROR:crash_report_database_win.cc(469)] failed to stat report
[0711/174224.538:ERROR:crash_report_database_win.cc(469)] failed to stat report
[0711/175724.548:ERROR:crash_report_database_win.cc(469)] failed to stat report
[0711/175724.548:ERROR:crash_report_database_win.cc(469)] failed to stat report
[0711/175724.549:ERROR:crash_report_database_win.cc(469)] failed to stat report
[0711/181224.566:ERROR:crash_report_database_win.cc(469)] failed to stat report
[0711/181224.567:ERROR:crash_report_database_win.cc(469)] failed to stat report
[0711/181224.567:ERROR:crash_report_database_win.cc(469)] failed to stat report
[0711/182724.577:ERROR:crash_report_database_win.cc(469)] failed to stat report
[0711/182724.577:ERROR:crash_report_database_win.cc(469)] failed to stat report
[0711/182724.578:ERROR:crash_report_database_win.cc(469)] failed to stat report
[0711/184224.595:ERROR:crash_report_database_win.cc(469)] failed to stat report
[0711/184224.597:ERROR:crash_report_database_win.cc(469)] failed to stat report
[0711/184224.597:ERROR:crash_report_database_win.cc(469)] failed to stat report
[0808/121732.025:ERROR:crash_report_database_win.cc(469)] failed to stat report
[0808/121732.029:ERROR:crash_report_database_win.cc(469)] failed to stat report
[0808/121732.029:ERROR:crash_report_database_win.cc(469)] failed to stat report
